<?xml version="1.0" encoding="UTF-8"?>
<!-- Generated by org.testng.reporters.JUnitReportReporter -->
<testsuite hostname="MW-LT-045" failures="0" tests="1" name="Authentication.RestAssuredAuthentication" time="3.447" errors="0" timestamp="23 Jun 2022 11:26:49 GMT" skipped="0">
  <testcase classname="Authentication.RestAssuredAuthentication" name="Auth" time="3.447"/>
</testsuite> <!-- Authentication.RestAssuredAuthentication -->
