<?xml version="1.0" encoding="UTF-8"?>
<!-- Generated by org.testng.reporters.JUnitReportReporter -->
<testsuite hostname="MW-LT-045" failures="0" tests="1" name="getRequest.GetData" time="4.655" errors="0" timestamp="2022-07-26T12:04:44 IST" skipped="0">
  <testcase classname="getRequest.GetData" name="testResponseCode" time="4.655"/>
  <system-out/>
</testsuite> <!-- getRequest.GetData -->
