<?xml version="1.0" encoding="UTF-8"?>
<!-- Generated by org.testng.reporters.JUnitReportReporter -->
<testsuite hostname="MW-LT-045" failures="0" tests="1" name="Authentication.RestAssuredAuthentication2" time="3.560" errors="0" timestamp="23 Jun 2022 11:37:35 GMT" skipped="0">
  <testcase classname="Authentication.RestAssuredAuthentication2" name="Auth" time="3.560"/>
</testsuite> <!-- Authentication.RestAssuredAuthentication2 -->
