<?xml version="1.0" encoding="UTF-8"?>
<!-- Generated by org.testng.reporters.JUnitReportReporter -->
<testsuite hostname="MW-LT-045" failures="0" tests="1" name="auth_0Auth.Twitter_0Auth" time="3.665" errors="0" timestamp="2022-07-08T15:34:34 IST" skipped="0">
  <testcase classname="auth_0Auth.Twitter_0Auth" name="postTweet" time="3.665"/>
  <system-out/>
</testsuite> <!-- auth_0Auth.Twitter_0Auth -->
