<?xml version="1.0" encoding="UTF-8"?>
<!-- Generated by org.testng.reporters.JUnitReportReporter -->
<testsuite hostname="MW-LT-045" failures="0" tests="7" name="restAPI_Requests.GetUserData" time="12.283" errors="0" timestamp="2022-08-01T15:57:44 IST" skipped="0">
  <testcase classname="restAPI_Requests.GetUserData" name="post_AddUser" time="1.216"/>
  <system-out/>
  <testcase classname="restAPI_Requests.GetUserData" name="getUserById_AddingRandom" time="1.188"/>
  <system-out/>
  <testcase classname="restAPI_Requests.GetUserData" name="getUserById" time="1.219"/>
  <system-out/>
  <testcase classname="restAPI_Requests.GetUserData" name="delete_User" time="1.127"/>
  <system-out/>
  <testcase classname="restAPI_Requests.GetUserData" name="post_changeId_DataType" time="2.507"/>
  <system-out/>
  <testcase classname="restAPI_Requests.GetUserData" name="delete_User_Id_DataType_to_String" time="1.197"/>
  <system-out/>
  <testcase classname="restAPI_Requests.GetUserData" name="getAllUserData" time="3.829"/>
  <system-out/>
</testsuite> <!-- restAPI_Requests.GetUserData -->
