<?xml version="1.0" encoding="UTF-8"?>
<!-- Generated by org.testng.reporters.JUnitReportReporter -->
<testsuite hostname="MW-LT-045" failures="0" tests="6" name="getRequest.GetUserData" time="10.395" errors="0" timestamp="2022-07-28T12:29:18 IST" skipped="0">
  <testcase classname="getRequest.GetUserData" name="post_changeId_DataType" time="2.094"/>
  <system-out/>
  <testcase classname="getRequest.GetUserData" name="getUserById_AddingRandom" time="1.054"/>
  <system-out/>
  <testcase classname="getRequest.GetUserData" name="delete_User" time="3.068"/>
  <system-out/>
  <testcase classname="getRequest.GetUserData" name="getUserById" time="0.983"/>
  <system-out/>
  <testcase classname="getRequest.GetUserData" name="getAllUserData" time="2.086"/>
  <system-out/>
  <testcase classname="getRequest.GetUserData" name="post_AddUser" time="1.110"/>
  <system-out/>
</testsuite> <!-- getRequest.GetUserData -->
