<?xml version="1.0" encoding="UTF-8"?>
<!-- Generated by org.testng.reporters.JUnitReportReporter -->
<testsuite hostname="MW-LT-045" failures="0" tests="7" name="restAPI_Requests.GetUserData" time="15.973" errors="0" timestamp="2022-07-28T21:45:53 IST" skipped="0">
  <testcase classname="restAPI_Requests.GetUserData" name="getUserById" time="1.120"/>
  <system-out/>
  <testcase classname="restAPI_Requests.GetUserData" name="getAllUserData" time="7.087"/>
  <system-out/>
  <testcase classname="restAPI_Requests.GetUserData" name="post_AddUser" time="3.416"/>
  <system-out/>
  <testcase classname="restAPI_Requests.GetUserData" name="delete_User" time="1.009"/>
  <system-out/>
  <testcase classname="restAPI_Requests.GetUserData" name="getUserById_AddingRandom" time="0.964"/>
  <system-out/>
  <testcase classname="restAPI_Requests.GetUserData" name="delete_User_Id_DataType_to_String" time="1.273"/>
  <system-out/>
  <testcase classname="restAPI_Requests.GetUserData" name="post_changeId_DataType" time="1.104"/>
  <system-out/>
</testsuite> <!-- restAPI_Requests.GetUserData -->
