<?xml version="1.0" encoding="UTF-8"?>
<!-- Generated by org.testng.reporters.JUnitReportReporter -->
<testsuite hostname="MW-LT-045" failures="0" tests="2" name="getRequest.Post_Delete_Put" time="2.393" errors="0" timestamp="23 Jun 2022 09:32:15 GMT" skipped="0">
  <testcase classname="getRequest.Post_Delete_Put" name="testDELETE" time="2.275"/>
  <testcase classname="getRequest.Post_Delete_Put" name="testPUT" time="0.118"/>
</testsuite> <!-- getRequest.Post_Delete_Put -->
