<?xml version="1.0" encoding="UTF-8"?>
<!-- Generated by org.testng.reporters.JUnitReportReporter -->
<testsuite hostname="MW-LT-045" failures="0" tests="2" name="getRequest.GetData2" time="4.584" errors="0" timestamp="23 Jun 2022 08:54:40 GMT" skipped="0">
  <testcase classname="getRequest.GetData2" name="testBody" time="3.963"/>
  <testcase classname="getRequest.GetData2" name="testResponseCode" time="0.621"/>
</testsuite> <!-- getRequest.GetData2 -->
